<?xml version="1.0" encoding="UTF-8"?>
<!-- Generated by org.testng.reporters.JUnitReportReporter -->
<testsuite hostname="192-168-1-109.tpgi.com.au" failures="0" tests="1" name="TestNG" time="1.205" errors="0" timestamp="2020-10-03T15:12:30 AEST" skipped="0">
  <testcase classname="TestNG" name="Test2" time="1.205"/>
  <system-out/>
</testsuite> <!-- TestNG -->
