<?xml version="1.0" encoding="UTF-8"?>
<!-- Generated by org.testng.reporters.JUnitReportReporter -->
<testsuite hostname="192-168-1-109.tpgi.com.au" failures="0" tests="4" name="TestCase.ContactPageTest" time="34.808" errors="0" timestamp="2020-10-04T09:57:51 AEDT" skipped="0">
  <testcase classname="TestCase.ContactPageTest" name="EnterValidDataToMandatoryFields" time="31.330"/>
  <system-out/>
  <testcase classname="TestCase.ContactPageTest" name="InvalidDataToAllFields" time="1.109"/>
  <system-out/>
  <testcase classname="TestCase.ContactPageTest" name="ValidDataToMandatoryFields" time="2.024"/>
  <system-out/>
  <testcase classname="TestCase.ContactPageTest" name="ValidateMandatoryFields" time="0.345"/>
  <system-out/>
</testsuite> <!-- TestCase.ContactPageTest -->
