<?xml version="1.0" encoding="UTF-8"?>
<!-- Generated by org.testng.reporters.JUnitReportReporter -->
<testsuite hostname="192-168-1-109.tpgi.com.au" failures="0" tests="2" name="TestCase.ShopingCartTest" time="1.213" errors="0" timestamp="2020-10-04T09:57:51 AEDT" skipped="0">
  <testcase classname="TestCase.ShopingCartTest" name="CheckTheCart" time="0.470"/>
  <system-out/>
  <testcase classname="TestCase.ShopingCartTest" name="AddItemsToCartTest" time="0.743"/>
  <system-out/>
</testsuite> <!-- TestCase.ShopingCartTest -->
